2025/12/19 04:12:29 2025/12/19 04:12:29 [SUCCESS] moved: generated_files/04ziHRayBp.wav -> Music
2025/12/19 04:12:29 2025/12/19 04:12:29 [SUCCESS] moved: generated_files/07oyHF1.doc -> Documents
2025/12/19 04:12:29 2025/12/19 04:12:29 [SUCCESS] moved: generated_files/0mSI8GfzTo2B.avi -> Video
2025/12/19 04:12:29 2025/12/19 04:12:29 [SUCCESS] moved: generated_files/10HHpnnV9.mp4 -> Video
2025/12/19 04:12:29 2025/12/19 04:12:29 [SUCCESS] moved: generated_files/1AGR0YIuWeOcK.pdf -> Documents
2025/12/19 04:12:29 2025/12/19 04:12:29 [SUCCESS] moved: generated_files/1OeSIt3ovPuxi4.png -> Images
2025/12/19 04:12:29 2025/12/19 04:12:29 [SUCCESS] moved: generated_files/1gnwUK.avi -> Video
2025/12/19 04:12:29 2025/12/19 04:12:29 [SUCCESS] moved: generated_files/1llthGv.png -> Images
2025/12/19 04:12:29 2025/12/19 04:12:29 [SUCCESS] moved: generated_files/2avF4D0o7ls.avi -> Video
2025/12/19 04:12:29 2025/12/19 04:12:29 [SUCCESS] moved: generated_files/3FCHXkj5zs.mp3 -> Music
2025/12/19 04:12:29 2025/12/19 04:12:29 [SUCCESS] moved: generated_files/3VQpJ.docx -> Documents
2025/12/19 04:12:29 2025/12/19 04:12:29 [SUCCESS] moved: generated_files/3lHnl4dBXBDGnG.docx -> Documents
2025/12/19 04:12:29 2025/12/19 04:12:29 [SUCCESS] moved: generated_files/4EymGK.jpeg -> Images
2025/12/19 04:12:29 2025/12/19 04:12:29 [SUCCESS] moved: generated_files/4yqOhYoAVj8IO.docx -> Documents
2025/12/19 04:12:29 2025/12/19 04:12:29 [SUCCESS] moved: generated_files/54wxt065oTN.doc -> Documents
2025/12/19 04:12:29 2025/12/19 04:12:29 [SUCCESS] moved: generated_files/66AwXK.wav -> Music
2025/12/19 04:12:29 2025/12/19 04:12:29 [SUCCESS] moved: generated_files/6gQYdk3iW.mp3 -> Music
2025/12/19 04:12:29 2025/12/19 04:12:29 [SUCCESS] moved: generated_files/7F53JM73ua.zip -> Archives
2025/12/19 04:12:29 2025/12/19 04:12:29 [SUCCESS] moved: generated_files/7GOD7cNg99QM.docx -> Documents
2025/12/19 04:12:29 2025/12/19 04:12:29 [SUCCESS] moved: generated_files/9FW1r.rar -> Archives
2025/12/19 04:12:29 2025/12/19 04:12:29 [SUCCESS] moved: generated_files/9LxLi.mp3 -> Music
2025/12/19 04:12:29 2025/12/19 04:12:29 [SUCCESS] moved: generated_files/9Unkimt.mp3 -> Music
2025/12/19 04:12:29 2025/12/19 04:12:29 [SUCCESS] moved: generated_files/BU7pDE0T.docx -> Documents
2025/12/19 04:12:29 2025/12/19 04:12:29 [SUCCESS] moved: generated_files/EqJC0kjUlvKn.mp4 -> Video
2025/12/19 04:12:29 2025/12/19 04:12:29 [SUCCESS] moved: generated_files/FhGBeONI.mp4 -> Video
2025/12/19 04:12:29 2025/12/19 04:12:29 [SUCCESS] moved: generated_files/H6kksXSC.txt -> Documents
2025/12/19 04:12:29 2025/12/19 04:12:29 [SUCCESS] moved: generated_files/HHzp8X2GCIG.mp4 -> Video
2025/12/19 04:12:29 2025/12/19 04:12:29 [SUCCESS] moved: generated_files/HSA17ZlDC.pdf -> Documents
2025/12/19 04:12:29 2025/12/19 04:12:29 [SUCCESS] moved: generated_files/JAF0ql5SX0F.zip -> Archives
2025/12/19 04:12:29 2025/12/19 04:12:29 [SUCCESS] moved: generated_files/JGfwqIhV.wav -> Music
2025/12/19 04:12:29 2025/12/19 04:12:29 [SUCCESS] moved: generated_files/JyJvA3.txt -> Documents
2025/12/19 04:12:29 2025/12/19 04:12:29 [SUCCESS] moved: generated_files/L9rrRJ2.jpg -> Images
2025/12/19 04:12:29 2025/12/19 04:12:29 [SUCCESS] moved: generated_files/LLiC7pjbHB4o4.mp3 -> Music
2025/12/19 04:12:29 2025/12/19 04:12:29 [SUCCESS] moved: generated_files/M2hWsu.rar -> Archives
2025/12/19 04:12:29 2025/12/19 04:12:29 [SUCCESS] moved: generated_files/Mnd84zxndQl6IN.txt -> Documents
2025/12/19 04:12:29 2025/12/19 04:12:29 [SUCCESS] moved: generated_files/NBfDVAQXMpzh7.docx -> Documents
2025/12/19 04:12:29 2025/12/19 04:12:29 [SUCCESS] moved: generated_files/NP1Nl7ctFXym7.pdf -> Documents
2025/12/19 04:12:29 2025/12/19 04:12:29 [SUCCESS] moved: generated_files/PNq3y9a.png -> Images
2025/12/19 04:12:29 2025/12/19 04:12:29 [SUCCESS] moved: generated_files/PTznvQzt.avi -> Video
2025/12/19 04:12:29 2025/12/19 04:12:29 [SUCCESS] moved: generated_files/PuGt9SE.png -> Images
2025/12/19 04:12:29 2025/12/19 04:12:29 [SUCCESS] moved: generated_files/PycPx.docx -> Documents
2025/12/19 04:12:29 2025/12/19 04:12:29 [SUCCESS] moved: generated_files/Q1FQU4TVqrG.png -> Images
2025/12/19 04:12:29 2025/12/19 04:12:29 [SUCCESS] moved: generated_files/R512lSBkopB.rar -> Archives
2025/12/19 04:12:29 2025/12/19 04:12:29 [SUCCESS] moved: generated_files/R80PCL.txt -> Documents
2025/12/19 04:12:29 2025/12/19 04:12:29 [SUCCESS] moved: generated_files/TIYLB.mp3 -> Music
2025/12/19 04:12:29 2025/12/19 04:12:29 [SUCCESS] moved: generated_files/TfaFeQuhyw.wav -> Music
2025/12/19 04:12:29 2025/12/19 04:12:29 [SUCCESS] moved: generated_files/TltOVJ9aM.avi -> Video
2025/12/19 04:12:29 2025/12/19 04:12:29 [SUCCESS] moved: generated_files/UbTeHyZsDoJpAr.txt -> Documents
2025/12/19 04:12:29 2025/12/19 04:12:29 [SUCCESS] moved: generated_files/VhsqXLkzVSBK.jpeg -> Images
2025/12/19 04:12:29 2025/12/19 04:12:29 [SUCCESS] moved: generated_files/W4QfQAD0RL.rar -> Archives
2025/12/19 04:12:29 2025/12/19 04:12:29 [SUCCESS] moved: generated_files/WGCfyVN.avi -> Video
2025/12/19 04:12:29 2025/12/19 04:12:29 [SUCCESS] moved: generated_files/WV4olFHE.zip -> Archives
2025/12/19 04:12:29 2025/12/19 04:12:29 [SUCCESS] moved: generated_files/WpVMCV.txt -> Documents
2025/12/19 04:12:29 2025/12/19 04:12:29 [SUCCESS] moved: generated_files/YopHv.txt -> Documents
2025/12/19 04:12:29 2025/12/19 04:12:29 [SUCCESS] moved: generated_files/ZdLTmlb.zip -> Archives
2025/12/19 04:12:29 2025/12/19 04:12:29 [SUCCESS] moved: generated_files/Zjp68S.rar -> Archives
2025/12/19 04:12:29 2025/12/19 04:12:29 [SUCCESS] moved: generated_files/aXg81.zip -> Archives
2025/12/19 04:12:29 2025/12/19 04:12:29 [SUCCESS] moved: generated_files/akfKNRZTRx.avi -> Video
2025/12/19 04:12:29 2025/12/19 04:12:29 [SUCCESS] moved: generated_files/bT4hr.txt -> Documents
2025/12/19 04:12:29 2025/12/19 04:12:29 [SUCCESS] moved: generated_files/baNJp.png -> Images
2025/12/19 04:12:29 2025/12/19 04:12:29 [SUCCESS] moved: generated_files/be3FjnPKtcKuN.zip -> Archives
2025/12/19 04:12:29 2025/12/19 04:12:29 [SUCCESS] moved: generated_files/cGx2bfe.rar -> Archives
2025/12/19 04:12:29 2025/12/19 04:12:29 [SUCCESS] moved: generated_files/cI01vaEs.rar -> Archives
2025/12/19 04:12:29 2025/12/19 04:12:29 [SUCCESS] moved: generated_files/cfyj1wNbj.mp4 -> Video
2025/12/19 04:12:29 2025/12/19 04:12:29 [SUCCESS] moved: generated_files/dOgYqjkLsvJF9d.pdf -> Documents
2025/12/19 04:12:29 2025/12/19 04:12:29 [SUCCESS] moved: generated_files/dPpnEK9.pdf -> Documents
2025/12/19 04:12:29 2025/12/19 04:12:29 [SUCCESS] moved: generated_files/dRClo.wav -> Music
2025/12/19 04:12:29 2025/12/19 04:12:29 [SUCCESS] moved: generated_files/dUBcmVqnd.pdf -> Documents
2025/12/19 04:12:29 2025/12/19 04:12:29 [SUCCESS] moved: generated_files/eLfChbJ44csvn.txt -> Documents
2025/12/19 04:12:29 2025/12/19 04:12:29 [SUCCESS] moved: generated_files/eRfGb4Nlj.mp4 -> Video
2025/12/19 04:12:29 2025/12/19 04:12:29 [SUCCESS] moved: generated_files/ezvSEJnvWh.txt -> Documents
2025/12/19 04:12:29 2025/12/19 04:12:29 [SUCCESS] moved: generated_files/fF3uQtBnr1b.mp3 -> Music
2025/12/19 04:12:29 2025/12/19 04:12:29 [SUCCESS] moved: generated_files/fowuLhuYc4SlX.doc -> Documents
2025/12/19 04:12:29 2025/12/19 04:12:29 [SUCCESS] moved: generated_files/g00Xr.png -> Images
2025/12/19 04:12:29 2025/12/19 04:12:29 [SUCCESS] moved: generated_files/gm071oHTx7k0.mp3 -> Music
2025/12/19 04:12:29 2025/12/19 04:12:29 [SUCCESS] moved: generated_files/iTwiS4bo.png -> Images
2025/12/19 04:12:29 2025/12/19 04:12:29 [SUCCESS] moved: generated_files/ipBI0nNv9xS.avi -> Video
2025/12/19 04:12:29 2025/12/19 04:12:29 [SUCCESS] moved: generated_files/kA5tuFlJZ7xqv0.pdf -> Documents
2025/12/19 04:12:29 2025/12/19 04:12:29 [SUCCESS] moved: generated_files/mVRzgPF8FmCCX9.docx -> Documents
2025/12/19 04:12:29 2025/12/19 04:12:29 [SUCCESS] moved: generated_files/nrQDksZrdpqAR.jpg -> Images
2025/12/19 04:12:29 2025/12/19 04:12:29 [SUCCESS] moved: generated_files/oNzI2VTTnXZ8.jpeg -> Images
2025/12/19 04:12:29 2025/12/19 04:12:29 [SUCCESS] moved: generated_files/ogouCvbIe9K.docx -> Documents
2025/12/19 04:12:29 2025/12/19 04:12:29 [SUCCESS] moved: generated_files/oofpZ.jpg -> Images
2025/12/19 04:12:29 2025/12/19 04:12:29 [SUCCESS] moved: generated_files/qOxCz.wav -> Music
2025/12/19 04:12:29 2025/12/19 04:12:29 [SUCCESS] moved: generated_files/qVe8hSPg3FcLYD.wav -> Music
2025/12/19 04:12:29 2025/12/19 04:12:29 [SUCCESS] moved: generated_files/sE9Y29.wav -> Music
2025/12/19 04:12:29 2025/12/19 04:12:29 [SUCCESS] moved: generated_files/sOIU8.rar -> Archives
2025/12/19 04:12:29 2025/12/19 04:12:29 [SUCCESS] moved: generated_files/t9DciOblOpvXI.png -> Images
2025/12/19 04:12:29 2025/12/19 04:12:29 [SUCCESS] moved: generated_files/tGYSTLuD.png -> Images
2025/12/19 04:12:29 2025/12/19 04:12:29 [SUCCESS] moved: generated_files/tTq0HbSfqHqiht.txt -> Documents
2025/12/19 04:12:29 2025/12/19 04:12:29 [SUCCESS] moved: generated_files/tVpQfhMZ2tC8.pdf -> Documents
2025/12/19 04:12:29 2025/12/19 04:12:29 [SUCCESS] moved: generated_files/tZ8408X.png -> Images
2025/12/19 04:12:29 2025/12/19 04:12:29 [SUCCESS] moved: generated_files/uPrIeiaCv.jpeg -> Images
2025/12/19 04:12:29 2025/12/19 04:12:29 [SUCCESS] moved: generated_files/uxgPPr7pUN6.rar -> Archives
2025/12/19 04:12:29 2025/12/19 04:12:29 [SUCCESS] moved: generated_files/vspWBJsXHz1.mp4 -> Video
2025/12/19 04:12:29 2025/12/19 04:12:29 [SUCCESS] moved: generated_files/wprYSRqGosgn.docx -> Documents
2025/12/19 04:12:29 2025/12/19 04:12:29 [SUCCESS] moved: generated_files/yCWsd.mp4 -> Video
2025/12/19 04:12:29 2025/12/19 04:12:29 [SUCCESS] moved: generated_files/yU7Bbb7.doc -> Documents
2025/12/19 04:12:29 2025/12/19 04:12:29 [SUCCESS] moved: generated_files/z9Yczs37JhM.mp4 -> Video
2025/12/19 04:12:29 2025/12/19 04:12:29 [SUCCESS] moved: generated_files/zhofFRNbv.jpeg -> Images
